4 230  6500
4 231  6501
4 232  6502
4 233  6503
4 234  6504
4 235  6505
4 236  6506
4 237  6507
4 238  6508
4 239  6510
4 249  6511
4 255  6512
4 260  6513
4 261  6514
4 262  6515
4 263  6516
4 264  6517
4 265  6518
4 266  6519
4 267  6520
4 268  6521
4 269  6522
4 270  6523
4 272  6524
4 273  6525
4 274  6526
4 275  6527
4 277  6528
4 278  6529
4 279  6530
4 280  6531
4 281  6532
4 282  6533
4 283  6534
4 284  6535
4 285  6536
4 286  6537
4 287  6538
4 288  6539
4 289  6540
4 290  6541
4 291  6542
4 292  6543
4 293  6544
4 294  6545
4 295  6546
4 296  6547
4 297  6548
4 298  6549
4 299  6550
4 300  6551
4 301  6552
4 302  6553
4 303  6554
4 304  6555
4 305  6556
4 306  6557
4 307  6558
4 308  6559
4 309  6560
4 310  6561
4 311  6562
